  app.c
  source.c
C:\Program Files (x86)\Windows Kits\10\Include\10.0.22000.0\shared\stralign.h(152,1): error C2061: syntax error: identifier 'WINAPI'
C:\Program Files (x86)\Windows Kits\10\Include\10.0.22000.0\shared\stralign.h(152,1): error C2059: syntax error: ';'
C:\Program Files (x86)\Windows Kits\10\Include\10.0.22000.0\shared\stralign.h(154,21): error C2146: syntax error: missing ')' before identifier 'String'
C:\Program Files (x86)\Windows Kits\10\Include\10.0.22000.0\shared\stralign.h(154,21): error C2061: syntax error: identifier 'String'
C:\Program Files (x86)\Windows Kits\10\Include\10.0.22000.0\shared\stralign.h(154,21): error C2059: syntax error: ';'
C:\Program Files (x86)\Windows Kits\10\Include\10.0.22000.0\shared\stralign.h(155,5): error C2059: syntax error: ')'
C:\Program Files (x86)\Windows Kits\10\Include\10.0.22000.0\shared\stralign.h(159,1): error C2061: syntax error: identifier 'uaw_lstrcmpW'
C:\Program Files (x86)\Windows Kits\10\Include\10.0.22000.0\shared\stralign.h(159,1): error C2059: syntax error: ';'
C:\Program Files (x86)\Windows Kits\10\Include\10.0.22000.0\shared\stralign.h(160,18): error C2146: syntax error: missing ')' before identifier 'String1'
C:\Program Files (x86)\Windows Kits\10\Include\10.0.22000.0\shared\stralign.h(160,18): error C2061: syntax error: identifier 'String1'
C:\Program Files (x86)\Windows Kits\10\Include\10.0.22000.0\shared\stralign.h(160,25): error C2059: syntax error: ','
C:\Program Files (x86)\Windows Kits\10\Include\10.0.22000.0\shared\stralign.h(162,5): error C2059: syntax error: ')'
C:\Program Files (x86)\Windows Kits\10\Include\10.0.22000.0\shared\stralign.h(166,1): error C2061: syntax error: identifier 'uaw_lstrcmpiW'
C:\Program Files (x86)\Windows Kits\10\Include\10.0.22000.0\shared\stralign.h(166,1): error C2059: syntax error: ';'
C:\Program Files (x86)\Windows Kits\10\Include\10.0.22000.0\shared\stralign.h(167,18): error C2146: syntax error: missing ')' before identifier 'String1'
C:\Program Files (x86)\Windows Kits\10\Include\10.0.22000.0\shared\stralign.h(167,18): error C2061: syntax error: identifier 'String1'
C:\Program Files (x86)\Windows Kits\10\Include\10.0.22000.0\shared\stralign.h(167,25): error C2059: syntax error: ','
C:\Program Files (x86)\Windows Kits\10\Include\10.0.22000.0\shared\stralign.h(169,5): error C2059: syntax error: ')'
C:\Program Files (x86)\Windows Kits\10\Include\10.0.22000.0\shared\stralign.h(173,1): error C2061: syntax error: identifier 'uaw_lstrlenW'
C:\Program Files (x86)\Windows Kits\10\Include\10.0.22000.0\shared\stralign.h(173,1): error C2059: syntax error: ';'
C:\Program Files (x86)\Windows Kits\10\Include\10.0.22000.0\shared\stralign.h(174,19): error C2146: syntax error: missing ')' before identifier 'String'
C:\Program Files (x86)\Windows Kits\10\Include\10.0.22000.0\shared\stralign.h(174,19): error C2061: syntax error: identifier 'String'
C:\Program Files (x86)\Windows Kits\10\Include\10.0.22000.0\shared\stralign.h(175,5): error C2059: syntax error: ')'
C:\Program Files (x86)\Windows Kits\10\Include\10.0.22000.0\shared\stralign.h(178,1): error C2143: syntax error: missing '{' before '__cdecl'
C:\Program Files (x86)\Windows Kits\10\Include\10.0.22000.0\shared\stralign.h(180,18): error C2146: syntax error: missing ')' before identifier 'String'
C:\Program Files (x86)\Windows Kits\10\Include\10.0.22000.0\shared\stralign.h(180,18): error C2061: syntax error: identifier 'String'
C:\Program Files (x86)\Windows Kits\10\Include\10.0.22000.0\shared\stralign.h(180,18): error C2059: syntax error: ';'
C:\Program Files (x86)\Windows Kits\10\Include\10.0.22000.0\shared\stralign.h(180,24): error C2059: syntax error: ','
C:\Program Files (x86)\Windows Kits\10\Include\10.0.22000.0\shared\stralign.h(182,5): error C2059: syntax error: ')'
C:\Program Files (x86)\Windows Kits\10\Include\10.0.22000.0\shared\stralign.h(185,1): error C2143: syntax error: missing '{' before '__cdecl'
C:\Program Files (x86)\Windows Kits\10\Include\10.0.22000.0\shared\stralign.h(187,64): error C2146: syntax error: missing ')' before identifier 'Destination'
C:\Program Files (x86)\Windows Kits\10\Include\10.0.22000.0\shared\stralign.h(187,64): error C2061: syntax error: identifier 'Destination'
C:\Program Files (x86)\Windows Kits\10\Include\10.0.22000.0\shared\stralign.h(187,64): error C2059: syntax error: ';'
C:\Program Files (x86)\Windows Kits\10\Include\10.0.22000.0\shared\stralign.h(187,75): error C2059: syntax error: ','
C:\Program Files (x86)\Windows Kits\10\Include\10.0.22000.0\shared\stralign.h(189,5): error C2059: syntax error: ')'
C:\Program Files (x86)\Windows Kits\10\Include\10.0.22000.0\shared\stralign.h(194,18): error C2146: syntax error: missing ')' before identifier 'String1'
C:\Program Files (x86)\Windows Kits\10\Include\10.0.22000.0\shared\stralign.h(194,18): error C2061: syntax error: identifier 'String1'
C:\Program Files (x86)\Windows Kits\10\Include\10.0.22000.0\shared\stralign.h(194,18): error C2059: syntax error: ';'
C:\Program Files (x86)\Windows Kits\10\Include\10.0.22000.0\shared\stralign.h(194,25): error C2059: syntax error: ','
C:\Program Files (x86)\Windows Kits\10\Include\10.0.22000.0\shared\stralign.h(196,5): error C2059: syntax error: ')'
C:\Program Files (x86)\Windows Kits\10\Include\10.0.22000.0\shared\stralign.h(201,18): error C2146: syntax error: missing ')' before identifier 'String'
C:\Program Files (x86)\Windows Kits\10\Include\10.0.22000.0\shared\stralign.h(201,18): error C2061: syntax error: identifier 'String'
C:\Program Files (x86)\Windows Kits\10\Include\10.0.22000.0\shared\stralign.h(201,18): error C2059: syntax error: ';'
C:\Program Files (x86)\Windows Kits\10\Include\10.0.22000.0\shared\stralign.h(202,5): error C2059: syntax error: ')'
C:\Program Files (x86)\Windows Kits\10\Include\10.0.22000.0\shared\stralign.h(205,1): error C2143: syntax error: missing '{' before '__cdecl'
C:\Program Files (x86)\Windows Kits\10\Include\10.0.22000.0\shared\stralign.h(207,18): error C2146: syntax error: missing ')' before identifier 'String'
C:\Program Files (x86)\Windows Kits\10\Include\10.0.22000.0\shared\stralign.h(207,18): error C2061: syntax error: identifier 'String'
C:\Program Files (x86)\Windows Kits\10\Include\10.0.22000.0\shared\stralign.h(207,18): error C2059: syntax error: ';'
C:\Program Files (x86)\Windows Kits\10\Include\10.0.22000.0\shared\stralign.h(207,24): error C2059: syntax error: ','
C:\Program Files (x86)\Windows Kits\10\Include\10.0.22000.0\shared\stralign.h(209,5): error C2059: syntax error: ')'
C:\Program Files (x86)\Windows Kits\10\Include\10.0.22000.0\shared\stralign.h(316,30): error C2061: syntax error: identifier 'UNALIGNED'
C:\Program Files (x86)\Windows Kits\10\Include\10.0.22000.0\shared\stralign.h(316,30): error C2059: syntax error: ';'
C:\Program Files (x86)\Windows Kits\10\Include\10.0.22000.0\shared\stralign.h(328,1): error C2433: 'PUWSTR_C': 'inline' not permitted on data declarations
C:\Program Files (x86)\Windows Kits\10\Include\10.0.22000.0\shared\stralign.h(326,1): error C2040: 'PUWSTR_C': 'int' differs in levels of indirection from 'int *'
C:\Program Files (x86)\Windows Kits\10\Include\10.0.22000.0\shared\stralign.h(328,1): error C2054: expected '(' to follow 'PUWSTR_C'
C:\Program Files (x86)\Windows Kits\10\Include\10.0.22000.0\shared\stralign.h(329,18): error C2146: syntax error: missing ')' before identifier 'String'
C:\Program Files (x86)\Windows Kits\10\Include\10.0.22000.0\shared\stralign.h(329,18): error C2085: 'ua_wcschr': not in formal parameter list
C:\Program Files (x86)\Windows Kits\10\Include\10.0.22000.0\shared\stralign.h(329,18): error C2146: syntax error: missing ',' before identifier 'String'
C:\Program Files (x86)\Windows Kits\10\Include\10.0.22000.0\shared\stralign.h(330,18): error C2085: 'WCHAR': not in formal parameter list
C:\Program Files (x86)\Windows Kits\10\Include\10.0.22000.0\shared\stralign.h(330,18): error C2146: syntax error: missing ',' before identifier 'Character'
C:\Program Files (x86)\Windows Kits\10\Include\10.0.22000.0\shared\stralign.h(331,5): error C2059: syntax error: ')'
C:\Program Files (x86)\Windows Kits\10\Include\10.0.22000.0\shared\stralign.h(332,1): error C2143: syntax error: missing ';' before '{'
C:\Program Files (x86)\Windows Kits\10\Include\10.0.22000.0\shared\stralign.h(343,1): error C2433: 'PUWSTR_C': 'inline' not permitted on data declarations
C:\Program Files (x86)\Windows Kits\10\Include\10.0.22000.0\shared\stralign.h(341,1): error C2040: 'PUWSTR_C': 'int' differs in levels of indirection from 'int *'
C:\Program Files (x86)\Windows Kits\10\Include\10.0.22000.0\shared\stralign.h(343,1): error C2054: expected '(' to follow 'PUWSTR_C'
C:\Program Files (x86)\Windows Kits\10\Include\10.0.22000.0\shared\stralign.h(344,18): error C2146: syntax error: missing ')' before identifier 'String'
C:\Program Files (x86)\Windows Kits\10\Include\10.0.22000.0\shared\stralign.h(344,18): error C2085: 'ua_wcsrchr': not in formal parameter list
C:\Program Files (x86)\Windows Kits\10\Include\10.0.22000.0\shared\stralign.h(344,18): error C2146: syntax error: missing ',' before identifier 'String'
C:\Program Files (x86)\Windows Kits\10\Include\10.0.22000.0\shared\stralign.h(345,18): error C2085: 'WCHAR': not in formal parameter list
C:\Program Files (x86)\Windows Kits\10\Include\10.0.22000.0\shared\stralign.h(345,18): error C2146: syntax error: missing ',' before identifier 'Character'
C:\Program Files (x86)\Windows Kits\10\Include\10.0.22000.0\shared\stralign.h(346,5): error C2059: syntax error: ')'
C:\Program Files (x86)\Windows Kits\10\Include\10.0.22000.0\shared\stralign.h(347,1): error C2143: syntax error: missing ';' before '{'
C:\Program Files (x86)\Windows Kits\10\Include\10.0.22000.0\shared\stralign.h(419,1): error C2433: 'PUWSTR': 'inline' not permitted on data declarations
C:\Program Files (x86)\Windows Kits\10\Include\10.0.22000.0\shared\stralign.h(419,1): error C2054: expected '(' to follow 'PUWSTR'
C:\Program Files (x86)\Windows Kits\10\Include\10.0.22000.0\shared\stralign.h(420,64): error C2146: syntax error: missing ')' before identifier 'Destination'
C:\Program Files (x86)\Windows Kits\10\Include\10.0.22000.0\shared\stralign.h(420,64): error C2085: 'ua_wcscpy': not in formal parameter list
C:\Program Files (x86)\Windows Kits\10\Include\10.0.22000.0\shared\stralign.h(420,64): error C2146: syntax error: missing ',' before identifier 'Destination'
C:\Program Files (x86)\Windows Kits\10\Include\10.0.22000.0\shared\stralign.h(421,18): error C2085: 'PCUWSTR': not in formal parameter list
C:\Program Files (x86)\Windows Kits\10\Include\10.0.22000.0\shared\stralign.h(421,18): error C2146: syntax error: missing ',' before identifier 'Source'
C:\Program Files (x86)\Windows Kits\10\Include\10.0.22000.0\shared\stralign.h(422,5): error C2059: syntax error: ')'
C:\Program Files (x86)\Windows Kits\10\Include\10.0.22000.0\shared\stralign.h(423,1): error C2143: syntax error: missing ';' before '{'
C:\Program Files (x86)\Windows Kits\10\Include\10.0.22000.0\shared\stralign.h(426,25): warning C4081: expected ')'; found 'string'
C:\Program Files (x86)\Windows Kits\10\Include\10.0.22000.0\shared\stralign.h(427,25): warning C4081: expected ')'; found 'string'
C:\Program Files (x86)\Windows Kits\10\Include\10.0.22000.0\shared\stralign.h(443,1): error C2433: 'PUWSTR': 'inline' not permitted on data declarations
C:\Program Files (x86)\Windows Kits\10\Include\10.0.22000.0\shared\stralign.h(443,1): error C2054: expected '(' to follow 'PUWSTR'
C:\Program Files (x86)\Windows Kits\10\Include\10.0.22000.0\shared\stralign.h(444,42): error C2146: syntax error: missing ')' before identifier 'Destination'
C:\Program Files (x86)\Windows Kits\10\Include\10.0.22000.0\shared\stralign.h(444,42): error C2085: 'ua_wcscpy_s': not in formal parameter list
C:\Program Files (x86)\Windows Kits\10\Include\10.0.22000.0\shared\stralign.h(444,42): error C2146: syntax error: missing ',' before identifier 'Destination'
C:\Program Files (x86)\Windows Kits\10\Include\10.0.22000.0\shared\stralign.h(445,18): error C2082: redefinition of formal parameter 'size_t'
C:\Program Files (x86)\Windows Kits\10\Include\10.0.22000.0\shared\stralign.h(445,18): error C2146: syntax error: missing ',' before identifier 'DestinationSize'
C:\Program Files (x86)\Windows Kits\10\Include\10.0.22000.0\shared\stralign.h(446,18): error C2085: 'PCUWSTR': not in formal parameter list
C:\Program Files (x86)\Windows Kits\10\Include\10.0.22000.0\shared\stralign.h(446,18): error C2146: syntax error: missing ',' before identifier 'Source'
C:\Program Files (x86)\Windows Kits\10\Include\10.0.22000.0\shared\stralign.h(447,5): error C2059: syntax error: ')'
C:\Program Files (x86)\Windows Kits\10\Include\10.0.22000.0\shared\stralign.h(448,1): error C2143: syntax error: missing ';' before '{'
C:\Program Files (x86)\Windows Kits\10\Include\10.0.22000.0\shared\stralign.h(462,18): error C2146: syntax error: missing ')' before identifier 'String'
C:\Program Files (x86)\Windows Kits\10\Include\10.0.22000.0\shared\stralign.h(462,18): error C2061: syntax error: identifier 'String'
C:\Program Files (x86)\Windows Kits\10\Include\10.0.22000.0\shared\stralign.h(462,18): error C2059: syntax error: ';'
C:\Program Files (x86)\Windows Kits\10\Include\10.0.22000.0\shared\stralign.h(463,5): error C2059: syntax error: ')'
C:\Program Files (x86)\Windows Kits\10\Include\10.0.22000.0\shared\stralign.h(464,1): error C2449: found '{' at file scope (missing function header?)
C:\Program Files (x86)\Windows Kits\10\Include\10.0.22000.0\shared\stralign.h(470,1): error C2059: syntax error: '}'
  Running Code Analysis for C/C++...
  Generating Code...
